0 info it worked if it ends with ok
1 verbose cli [ '/home/antony-budianto/.nvm/versions/node/v6.5.0/bin/node',
1 verbose cli   '/home/antony-budianto/.nvm/versions/node/v6.5.0/bin/npm',
1 verbose cli   'start' ]
2 info using npm@3.10.3
3 info using node@v6.5.0
4 verbose run-script [ 'prestart', 'start', 'poststart' ]
5 info lifecycle angular2-starter@1.0.0-rc.8~prestart: angular2-starter@1.0.0-rc.8
6 silly lifecycle angular2-starter@1.0.0-rc.8~prestart: no script for prestart, continuing
7 info lifecycle angular2-starter@1.0.0-rc.8~start: angular2-starter@1.0.0-rc.8
8 verbose lifecycle angular2-starter@1.0.0-rc.8~start: unsafe-perm in lifecycle true
9 verbose lifecycle angular2-starter@1.0.0-rc.8~start: PATH: /home/antony-budianto/.nvm/versions/node/v6.5.0/lib/node_modules/npm/bin/node-gyp-bin:/home/antony-budianto/Desktop/personal-project/angular2-starter/node_modules/.bin:/home/antony-budianto/.nvm/versions/node/v6.5.0/bin:/home/antony-budianto/.nvm/versions/node/v6.5.0/bin:/usr/local/sbin:/usr/local/bin:/usr/sbin:/usr/bin:/sbin:/bin:/usr/games:/usr/local/games:/home/antony-budianto/opt/gradle/bin:/opt/lampp/bin
10 verbose lifecycle angular2-starter@1.0.0-rc.8~start: CWD: /home/antony-budianto/Desktop/personal-project/angular2-starter
11 silly lifecycle angular2-starter@1.0.0-rc.8~start: Args: [ '-c', 'webpack-dev-server --inline --progress --port 8080' ]
12 silly lifecycle angular2-starter@1.0.0-rc.8~start: Returned: code: 1  signal: null
13 info lifecycle angular2-starter@1.0.0-rc.8~start: Failed to exec start script
14 verbose stack Error: angular2-starter@1.0.0-rc.8 start: `webpack-dev-server --inline --progress --port 8080`
14 verbose stack Exit status 1
14 verbose stack     at EventEmitter.<anonymous> (/home/antony-budianto/.nvm/versions/node/v6.5.0/lib/node_modules/npm/lib/utils/lifecycle.js:242:16)
14 verbose stack     at emitTwo (events.js:106:13)
14 verbose stack     at EventEmitter.emit (events.js:191:7)
14 verbose stack     at ChildProcess.<anonymous> (/home/antony-budianto/.nvm/versions/node/v6.5.0/lib/node_modules/npm/lib/utils/spawn.js:40:14)
14 verbose stack     at emitTwo (events.js:106:13)
14 verbose stack     at ChildProcess.emit (events.js:191:7)
14 verbose stack     at maybeClose (internal/child_process.js:877:16)
14 verbose stack     at Process.ChildProcess._handle.onexit (internal/child_process.js:226:5)
15 verbose pkgid angular2-starter@1.0.0-rc.8
16 verbose cwd /home/antony-budianto/Desktop/personal-project/angular2-starter
17 error Linux 3.13.0-95-generic
18 error argv "/home/antony-budianto/.nvm/versions/node/v6.5.0/bin/node" "/home/antony-budianto/.nvm/versions/node/v6.5.0/bin/npm" "start"
19 error node v6.5.0
20 error npm  v3.10.3
21 error code ELIFECYCLE
22 error angular2-starter@1.0.0-rc.8 start: `webpack-dev-server --inline --progress --port 8080`
22 error Exit status 1
23 error Failed at the angular2-starter@1.0.0-rc.8 start script 'webpack-dev-server --inline --progress --port 8080'.
23 error Make sure you have the latest version of node.js and npm installed.
23 error If you do, this is most likely a problem with the angular2-starter package,
23 error not with npm itself.
23 error Tell the author that this fails on your system:
23 error     webpack-dev-server --inline --progress --port 8080
23 error You can get information on how to open an issue for this project with:
23 error     npm bugs angular2-starter
23 error Or if that isn't available, you can get their info via:
23 error     npm owner ls angular2-starter
23 error There is likely additional logging output above.
24 verbose exit [ 1, true ]
